
	Peak file = /home/jerry/Documentos/Python3.10/prueba/datos/Sanchez_et_al_peaks.narrowPeak
	Genome = mm10
	Organism = mouse
	Peak/BED file conversion summary:
		BED/Header formatted lines: 2674
		peakfile formatted lines: 0
		Duplicated Peak IDs: 0

	Peak File Statistics:
		Total Peaks: 2674
		Redundant Peak IDs: 0
		Peaks lacking information: 0 (need at least 5 columns per peak)
		Peaks with misformatted coordinates: 0 (should be integer)
		Peaks with misformatted strand: 0 (should be either +/- or 0/1)

	Peak file looks good!

	Reading Positions...
	-----------------------
	offset=0
	Finding Closest TSS...
	Annotating:....................
		Annotation	Number of peaks	Total size (bp)	Log2 Ratio (obs/exp)	LogP enrichment (+values depleted)
		3UTR	23.0	20746162	0.128	-1.012
		miRNA	0.0	31126	-0.045	0.032
		ncRNA	9.0	3439613	1.367	-4.640
		TTS	42.0	27176332	0.607	-5.109
		pseudo	0.0	540203	-0.631	0.548
		Exon	61.0	34540955	0.800	-10.148
		Intron	1133.0	947608369	0.237	-26.122
		Intergenic	666.0	1564039797	-1.253	658.852
		Promoter	702.0	30063639	4.524	-1627.849
		5UTR	28.0	2354993	3.551	-45.923
		snoRNA	0.0	19	-0.000	0.000
		rRNA	5.0	5631	9.773	-30.621
	NOTE: If this part takes more than 2 minutes, there is a good chance
		your machine ran out of memory: consider hitting ctrl+C and rerunning
		the command with "-noann"
	To capture annotation stats in a file, use "-annStats <filename>" next time
	Annotating:.....................
		Annotation	Number of peaks	Total size (bp)	Log2 Ratio (obs/exp)	LogP enrichment (+values depleted)
		3UTR	23.0	20746162	0.127	-1.011
		Other	1.0	7154386	-2.860	5.157
		RC?	0.0	10979	-0.016	0.011
		RNA	0.0	113962	-0.158	0.116
		miRNA	0.0	31126	-0.045	0.032
		ncRNA	9.0	3439613	1.366	-4.639
		TTS	42.0	27176332	0.607	-5.105
		LINE	39.0	521060815	-3.761	443.002
		LINE?	0.0	8168	-0.012	0.008
		srpRNA	0.0	43307	-0.062	0.044
		SINE	173.0	193760064	-0.185	3.189
		RC	0.0	65629	-0.093	0.067
		tRNA	1.0	266361	1.887	-1.440
		DNA?	0.0	142070	-0.194	0.144
		pseudo	0.0	540203	-0.631	0.548
		DNA	16.0	28358286	-0.847	4.993
		Exon	61.0	34540955	0.799	-10.140
		Intron	896.0	601725627	0.553	-82.136
		Intergenic	495.0	784216439	-0.685	91.924
		Promoter	702.0	30063639	4.524	-1627.572
		5UTR	28.0	2354993	3.550	-45.915
		snoRNA	0.0	19	-0.000	0.000
		LTR?	0.0	192563	-0.258	0.195
		scRNA	0.0	577291	-0.665	0.586
		CpG-Island	80.0	3107258	4.665	-186.007
		Low_complexity	0.0	18489434	-4.315	18.831
		LTR	86.0	292929648	-1.790	116.586
		Simple_repeat	3.0	55283218	-4.225	46.300
		snRNA	3.0	236859	3.642	-6.248
		Unknown	0.0	1234764	-1.172	1.253
		SINE?	0.0	29758	-0.043	0.030
		Satellite	0.0	3685416	-2.247	3.743
		rRNA	13.0	165832	6.271	-45.903
	Counting Tags in Peaks from each directory...
	Organism: mouse
	Loading Gene Informaiton...
	Outputing Annotation File...
	Done annotating peaks file

